[2025-12-05 17:33:28.601] [BIT POUNCE] [info] Logger initialized successfully
[2025-12-05 17:33:29.177] [BIT POUNCE] [info] Creating window BitPounce (1600, 900)
[2025-12-05 17:33:31.181] [BIT POUNCE] [info] WindowResizeEvent: 1280, 720
[2025-12-05 17:33:32.139] [BIT POUNCE] [info] MouseMovedEvent: 1140, 16
[2025-12-05 17:33:32.191] [BIT POUNCE] [info] MouseMovedEvent: 802, 110
[2025-12-05 17:33:32.205] [BIT POUNCE] [info] MouseMovedEvent: 786, 123
[2025-12-05 17:33:32.222] [BIT POUNCE] [info] MouseMovedEvent: 784, 126
[2025-12-05 17:33:32.288] [BIT POUNCE] [info] MouseMovedEvent: 783, 127
[2025-12-05 17:33:32.397] [BIT POUNCE] [info] MouseMovedEvent: 760, 181
[2025-12-05 17:33:32.405] [BIT POUNCE] [info] MouseMovedEvent: 760, 182
[2025-12-05 17:33:32.422] [BIT POUNCE] [info] MouseMovedEvent: 760, 184
[2025-12-05 17:33:32.505] [BIT POUNCE] [info] MouseButtonPressedEvent: 0
[2025-12-05 17:33:32.655] [BIT POUNCE] [info] MouseButtonReleasedEvent: 0
[2025-12-05 17:33:32.709] [BIT POUNCE] [info] MouseMovedEvent: 758, 184
[2025-12-05 17:33:32.722] [BIT POUNCE] [info] MouseMovedEvent: 756, 185
[2025-12-05 17:33:32.739] [BIT POUNCE] [info] MouseMovedEvent: 752, 186
[2025-12-05 17:33:32.755] [BIT POUNCE] [info] MouseMovedEvent: 747, 188
[2025-12-05 17:33:32.772] [BIT POUNCE] [info] MouseMovedEvent: 742, 189
[2025-12-05 17:33:32.789] [BIT POUNCE] [info] MouseMovedEvent: 741, 190
[2025-12-05 17:33:32.839] [BIT POUNCE] [info] MouseButtonPressedEvent: 0
[2025-12-05 17:33:32.855] [BIT POUNCE] [info] MouseMovedEvent: 740, 191
[2025-12-05 17:33:32.872] [BIT POUNCE] [info] MouseMovedEvent: 740, 192
[2025-12-05 17:33:32.891] [BIT POUNCE] [info] MouseMovedEvent: 739, 194
[2025-12-05 17:33:32.905] [BIT POUNCE] [info] MouseMovedEvent: 736, 197
[2025-12-05 17:33:32.922] [BIT POUNCE] [info] MouseMovedEvent: 732, 201
[2025-12-05 17:33:32.938] [BIT POUNCE] [info] MouseMovedEvent: 727, 205
[2025-12-05 17:33:32.961] [BIT POUNCE] [info] MouseMovedEvent: 721, 211
[2025-12-05 17:33:32.972] [BIT POUNCE] [info] MouseMovedEvent: 718, 214
[2025-12-05 17:33:32.989] [BIT POUNCE] [info] MouseMovedEvent: 712, 217
[2025-12-05 17:33:33.005] [BIT POUNCE] [info] MouseButtonReleasedEvent: 0
[2025-12-05 17:33:33.022] [BIT POUNCE] [info] MouseMovedEvent: 688, 223
[2025-12-05 17:33:33.040] [BIT POUNCE] [info] MouseMovedEvent: 644, 214
[2025-12-05 17:33:33.056] [BIT POUNCE] [info] MouseMovedEvent: 584, 192
[2025-12-05 17:33:33.098] [BIT POUNCE] [info] MouseMovedEvent: 319, 84
[2025-12-05 17:33:33.117] [BIT POUNCE] [info] MouseMovedEvent: 231, 50
[2025-12-05 17:33:33.574] [BIT POUNCE] [info] MouseMovedEvent: 6, 102
[2025-12-05 17:33:33.591] [BIT POUNCE] [info] MouseMovedEvent: 45, 163
[2025-12-05 17:33:33.607] [BIT POUNCE] [info] MouseMovedEvent: 86, 211
[2025-12-05 17:33:33.622] [BIT POUNCE] [info] MouseMovedEvent: 124, 246
[2025-12-05 17:33:33.639] [BIT POUNCE] [info] MouseMovedEvent: 164, 281
[2025-12-05 17:33:33.656] [BIT POUNCE] [info] MouseMovedEvent: 193, 302
[2025-12-05 17:33:33.672] [BIT POUNCE] [info] MouseMovedEvent: 208, 310
[2025-12-05 17:33:33.690] [BIT POUNCE] [info] MouseMovedEvent: 222, 320
[2025-12-05 17:33:33.705] [BIT POUNCE] [info] MouseMovedEvent: 223, 320
[2025-12-05 17:33:33.722] [BIT POUNCE] [info] MouseButtonPressedEvent: 0
[2025-12-05 17:33:33.739] [BIT POUNCE] [info] MouseMovedEvent: 226, 322
[2025-12-05 17:33:33.822] [BIT POUNCE] [info] MouseButtonReleasedEvent: 0
[2025-12-05 17:33:33.888] [BIT POUNCE] [info] MouseMovedEvent: 220, 320
[2025-12-05 17:33:33.906] [BIT POUNCE] [info] MouseMovedEvent: 206, 315
[2025-12-05 17:33:33.922] [BIT POUNCE] [info] MouseMovedEvent: 178, 311
[2025-12-05 17:33:33.939] [BIT POUNCE] [info] MouseMovedEvent: 148, 311
[2025-12-05 17:33:33.962] [BIT POUNCE] [info] MouseMovedEvent: 130, 313
[2025-12-05 17:33:33.986] [BIT POUNCE] [info] MouseMovedEvent: 116, 323
[2025-12-05 17:33:34.010] [BIT POUNCE] [info] MouseMovedEvent: 109, 330
[2025-12-05 17:33:34.022] [BIT POUNCE] [info] MouseMovedEvent: 108, 335
[2025-12-05 17:33:34.039] [BIT POUNCE] [info] MouseMovedEvent: 105, 342
[2025-12-05 17:33:34.082] [BIT POUNCE] [info] MouseMovedEvent: 105, 347
[2025-12-05 17:33:34.106] [BIT POUNCE] [info] MouseMovedEvent: 106, 347
[2025-12-05 17:33:34.123] [BIT POUNCE] [info] MouseMovedEvent: 107, 348
[2025-12-05 17:33:34.144] [BIT POUNCE] [info] MouseMovedEvent: 108, 348
[2025-12-05 17:33:34.172] [BIT POUNCE] [info] MouseMovedEvent: 109, 348
[2025-12-05 17:33:34.189] [BIT POUNCE] [info] MouseScrolledEvent: 0, -1
[2025-12-05 17:33:34.222] [BIT POUNCE] [info] MouseScrolledEvent: 0, -1
[2025-12-05 17:33:34.272] [BIT POUNCE] [info] MouseMovedEvent: 108, 342
[2025-12-05 17:33:34.303] [BIT POUNCE] [info] MouseMovedEvent: 73, 282
[2025-12-05 17:33:34.311] [BIT POUNCE] [info] MouseMovedEvent: 61, 257
[2025-12-05 17:33:34.331] [BIT POUNCE] [info] MouseMovedEvent: 24, 183
[2025-12-05 17:33:35.390] [BIT POUNCE] [info] MouseMovedEvent: 1024, 459
[2025-12-05 17:33:35.406] [BIT POUNCE] [info] MouseMovedEvent: 1070, 464
[2025-12-05 17:33:35.423] [BIT POUNCE] [info] MouseMovedEvent: 1098, 465
[2025-12-05 17:33:35.438] [BIT POUNCE] [info] MouseMovedEvent: 1105, 465
[2025-12-05 17:33:35.466] [BIT POUNCE] [info] MouseButtonPressedEvent: 0
[2025-12-05 17:33:35.572] [BIT POUNCE] [info] MouseButtonReleasedEvent: 0
[2025-12-05 17:33:35.610] [BIT POUNCE] [info] MouseMovedEvent: 1109, 465
[2025-12-05 17:33:35.623] [BIT POUNCE] [info] MouseMovedEvent: 1114, 463
[2025-12-05 17:33:35.639] [BIT POUNCE] [info] MouseMovedEvent: 1120, 459
[2025-12-05 17:33:35.656] [BIT POUNCE] [info] MouseMovedEvent: 1126, 456
[2025-12-05 17:33:35.672] [BIT POUNCE] [info] MouseMovedEvent: 1132, 453
[2025-12-05 17:33:35.689] [BIT POUNCE] [info] MouseMovedEvent: 1135, 451
[2025-12-05 17:33:35.773] [BIT POUNCE] [info] MouseMovedEvent: 1128, 447
[2025-12-05 17:33:35.789] [BIT POUNCE] [info] MouseMovedEvent: 1110, 438
[2025-12-05 17:33:35.808] [BIT POUNCE] [info] MouseMovedEvent: 1081, 423
[2025-12-05 17:33:35.826] [BIT POUNCE] [info] MouseMovedEvent: 1026, 396
[2025-12-05 17:33:35.842] [BIT POUNCE] [info] MouseMovedEvent: 904, 346
[2025-12-05 17:33:35.858] [BIT POUNCE] [info] MouseMovedEvent: 750, 286
[2025-12-05 17:33:35.873] [BIT POUNCE] [info] MouseMovedEvent: 593, 242
[2025-12-05 17:33:35.899] [BIT POUNCE] [info] MouseMovedEvent: 395, 211
[2025-12-05 17:33:35.939] [BIT POUNCE] [info] MouseMovedEvent: 241, 211
[2025-12-05 17:33:35.986] [BIT POUNCE] [info] MouseMovedEvent: 217, 223
[2025-12-05 17:33:36.010] [BIT POUNCE] [info] MouseMovedEvent: 244, 252
[2025-12-05 17:33:36.048] [BIT POUNCE] [info] MouseMovedEvent: 355, 353
[2025-12-05 17:33:36.056] [BIT POUNCE] [info] MouseMovedEvent: 378, 372
[2025-12-05 17:33:36.074] [BIT POUNCE] [info] MouseMovedEvent: 446, 417
[2025-12-05 17:33:36.089] [BIT POUNCE] [info] MouseMovedEvent: 488, 436
[2025-12-05 17:33:36.107] [BIT POUNCE] [info] MouseMovedEvent: 539, 446
[2025-12-05 17:33:36.122] [BIT POUNCE] [info] MouseMovedEvent: 585, 448
[2025-12-05 17:33:36.139] [BIT POUNCE] [info] MouseMovedEvent: 633, 440
[2025-12-05 17:33:36.156] [BIT POUNCE] [info] MouseMovedEvent: 695, 421
[2025-12-05 17:33:36.173] [BIT POUNCE] [info] MouseMovedEvent: 750, 399
[2025-12-05 17:33:36.190] [BIT POUNCE] [info] MouseMovedEvent: 804, 363
[2025-12-05 17:33:36.209] [BIT POUNCE] [info] MouseMovedEvent: 861, 302
[2025-12-05 17:33:36.228] [BIT POUNCE] [info] MouseMovedEvent: 903, 250
[2025-12-05 17:33:36.239] [BIT POUNCE] [info] MouseMovedEvent: 940, 201
[2025-12-05 17:33:36.256] [BIT POUNCE] [info] MouseMovedEvent: 985, 159
[2025-12-05 17:33:36.275] [BIT POUNCE] [info] MouseMovedEvent: 1030, 131
[2025-12-05 17:33:36.290] [BIT POUNCE] [info] MouseMovedEvent: 1070, 113
[2025-12-05 17:33:36.306] [BIT POUNCE] [info] MouseMovedEvent: 1138, 89
[2025-12-05 17:33:36.324] [BIT POUNCE] [info] MouseMovedEvent: 1176, 81
[2025-12-05 17:33:36.340] [BIT POUNCE] [info] MouseMovedEvent: 1207, 74
[2025-12-05 17:33:36.358] [BIT POUNCE] [info] MouseMovedEvent: 1236, 69
[2025-12-05 17:33:36.374] [BIT POUNCE] [info] MouseMovedEvent: 1258, 61
[2025-12-05 17:33:36.389] [BIT POUNCE] [info] MouseMovedEvent: 1267, 58
[2025-12-05 17:33:36.406] [BIT POUNCE] [info] MouseMovedEvent: 1271, 56
[2025-12-05 17:33:36.422] [BIT POUNCE] [info] MouseMovedEvent: 1279, 52
[2025-12-05 17:33:36.439] [BIT POUNCE] [info] MouseMovedEvent: 1291, 47
[2025-12-05 17:33:36.456] [BIT POUNCE] [info] MouseMovedEvent: 1305, 40
[2025-12-05 17:33:36.472] [BIT POUNCE] [info] MouseMovedEvent: 1313, 35
[2025-12-05 17:33:36.489] [BIT POUNCE] [info] MouseMovedEvent: 1323, 27
[2025-12-05 17:33:36.505] [BIT POUNCE] [info] MouseMovedEvent: 1334, 19
[2025-12-05 17:33:36.522] [BIT POUNCE] [info] MouseMovedEvent: 1347, 10
[2025-12-05 17:33:36.539] [BIT POUNCE] [info] MouseMovedEvent: 1357, 4
[2025-12-05 17:33:36.556] [BIT POUNCE] [info] MouseMovedEvent: 1361, 2
[2025-12-05 17:33:36.672] [BIT POUNCE] [info] MouseMovedEvent: 1361, 1
[2025-12-05 17:33:36.689] [BIT POUNCE] [info] MouseMovedEvent: 1361, 0
[2025-12-05 17:33:37.471] [BIT POUNCE] [info] WindowClose
