[2026-03-17 18:58:56.485] [BIT POUNCE] [info] Logger initialized successfully
[2026-03-17 18:58:56.485] [BIT POUNCE] [info] Creating window PounceEdit (1600, 900)
[2026-03-17 18:58:57.523] [BIT POUNCE] [info] OpenGL Info:
[2026-03-17 18:58:57.523] [BIT POUNCE] [info]   Vendor: NVIDIA Corporation
[2026-03-17 18:58:57.523] [BIT POUNCE] [info]   Renderer: NVIDIA GeForce RTX 3060/PCIe/SSE2
[2026-03-17 18:58:57.523] [BIT POUNCE] [info]   Version: 4.6.0 NVIDIA 580.126.09
[2026-03-17 18:58:57.524] [BIT POUNCE] [info] Loading file: assets/shaders/Texture.glsl
[2026-03-17 18:58:57.524] [BIT POUNCE] [info] Reading file from disk: assets/shaders/Texture.glsl
[2026-03-17 18:58:57.524] [BIT POUNCE] [info] Successfully read file from disk: assets/shaders/Texture.glsl (117 bytes)
[2026-03-17 18:58:57.524] [BIT POUNCE] [info] Loaded file successfully: assets/shaders/Texture.glsl
[2026-03-17 18:58:57.524] [BIT POUNCE] [info] Loading file: assets/shaders/Texture_Colour.glsl
[2026-03-17 18:58:57.524] [BIT POUNCE] [info] Reading file from disk: assets/shaders/Texture_Colour.glsl
[2026-03-17 18:58:57.524] [BIT POUNCE] [info] Successfully read file from disk: assets/shaders/Texture_Colour.glsl (2867 bytes)
[2026-03-17 18:58:57.524] [BIT POUNCE] [info] Loaded file successfully: assets/shaders/Texture_Colour.glsl
[2026-03-17 18:58:57.524] [BIT POUNCE] [info] Loading file: assets/shaders/Texture_Vertex.glsl
[2026-03-17 18:58:57.524] [BIT POUNCE] [info] Reading file from disk: assets/shaders/Texture_Vertex.glsl
[2026-03-17 18:58:57.524] [BIT POUNCE] [info] Successfully read file from disk: assets/shaders/Texture_Vertex.glsl (516 bytes)
[2026-03-17 18:58:57.524] [BIT POUNCE] [info] Loaded file successfully: assets/shaders/Texture_Vertex.glsl
[2026-03-17 18:58:57.566] [BIT POUNCE] [info] Loading file: assets/fonts/OpenSans/static/OpenSans-Bold.ttf
[2026-03-17 18:58:57.566] [BIT POUNCE] [info] Reading file from disk: assets/fonts/OpenSans/static/OpenSans-Bold.ttf
[2026-03-17 18:58:57.566] [BIT POUNCE] [info] Successfully read file from disk: assets/fonts/OpenSans/static/OpenSans-Bold.ttf (130860 bytes)
[2026-03-17 18:58:57.567] [BIT POUNCE] [info] Loaded file successfully: assets/fonts/OpenSans/static/OpenSans-Bold.ttf
[2026-03-17 18:58:57.567] [BIT POUNCE] [info] Loading file: assets/fonts/OpenSans/static/OpenSans-Regular.ttf
[2026-03-17 18:58:57.567] [BIT POUNCE] [info] Reading file from disk: assets/fonts/OpenSans/static/OpenSans-Regular.ttf
[2026-03-17 18:58:57.567] [BIT POUNCE] [info] Successfully read file from disk: assets/fonts/OpenSans/static/OpenSans-Regular.ttf (130832 bytes)
[2026-03-17 18:58:57.567] [BIT POUNCE] [info] Loaded file successfully: assets/fonts/OpenSans/static/OpenSans-Regular.ttf
[2026-03-17 18:58:57.606] [BIT POUNCE] [info] Loading file: assets/textures/Checkerboard.png
[2026-03-17 18:58:57.606] [BIT POUNCE] [info] Reading file from disk: assets/textures/Checkerboard.png
[2026-03-17 18:58:57.606] [BIT POUNCE] [info] Successfully read file from disk: assets/textures/Checkerboard.png (1823 bytes)
[2026-03-17 18:58:57.606] [BIT POUNCE] [info] Loaded file successfully: assets/textures/Checkerboard.png
[2026-03-17 18:58:57.606] [BIT POUNCE] [info] Loading file: assets/textures/Player.png
[2026-03-17 18:58:57.606] [BIT POUNCE] [info] Reading file from disk: assets/textures/Player.png
[2026-03-17 18:58:57.606] [BIT POUNCE] [info] Successfully read file from disk: assets/textures/Player.png (386778 bytes)
[2026-03-17 18:58:57.607] [BIT POUNCE] [info] Loaded file successfully: assets/textures/Player.png
[2026-03-17 18:58:57.618] [BIT POUNCE] [info] Loading file: Resources/Icons/Icon.png
[2026-03-17 18:58:57.618] [BIT POUNCE] [info] Reading file from disk: Resources/Icons/Icon.png
[2026-03-17 18:58:57.618] [BIT POUNCE] [info] Successfully read file from disk: Resources/Icons/Icon.png (574956 bytes)
[2026-03-17 18:58:57.618] [BIT POUNCE] [info] Loaded file successfully: Resources/Icons/Icon.png
[2026-03-17 18:58:57.727] [BIT POUNCE] [info] Loading file: Resources/Icons/ContentBrowser/Flor.png
[2026-03-17 18:58:57.727] [BIT POUNCE] [info] Reading file from disk: Resources/Icons/ContentBrowser/Flor.png
[2026-03-17 18:58:57.727] [BIT POUNCE] [info] Successfully read file from disk: Resources/Icons/ContentBrowser/Flor.png (12068 bytes)
[2026-03-17 18:58:57.727] [BIT POUNCE] [info] Loaded file successfully: Resources/Icons/ContentBrowser/Flor.png
[2026-03-17 18:58:57.728] [BIT POUNCE] [info] Loading file: Resources/Icons/ContentBrowser/File.png
[2026-03-17 18:58:57.728] [BIT POUNCE] [info] Reading file from disk: Resources/Icons/ContentBrowser/File.png
[2026-03-17 18:58:57.728] [BIT POUNCE] [info] Successfully read file from disk: Resources/Icons/ContentBrowser/File.png (15757 bytes)
[2026-03-17 18:58:57.728] [BIT POUNCE] [info] Loaded file successfully: Resources/Icons/ContentBrowser/File.png
[2026-03-17 18:59:02.865] [BIT POUNCE] [info] Loading file: assets/scenes/TestS.bitPounce
[2026-03-17 18:59:02.866] [BIT POUNCE] [info] Reading file from disk: assets/scenes/TestS.bitPounce
[2026-03-17 18:59:02.866] [BIT POUNCE] [info] Successfully read file from disk: assets/scenes/TestS.bitPounce (1332 bytes)
[2026-03-17 18:59:02.866] [BIT POUNCE] [info] Loaded file successfully: assets/scenes/TestS.bitPounce
[2026-03-17 18:59:05.665] [BIT POUNCE] [info] Loading file: assets/scenes/Test.bitPounce
[2026-03-17 18:59:05.666] [BIT POUNCE] [info] Reading file from disk: assets/scenes/Test.bitPounce
[2026-03-17 18:59:05.666] [BIT POUNCE] [info] Successfully read file from disk: assets/scenes/Test.bitPounce (1099 bytes)
[2026-03-17 18:59:05.666] [BIT POUNCE] [info] Loaded file successfully: assets/scenes/Test.bitPounce
[2026-03-17 18:59:06.999] [BIT POUNCE] [info] Loading file: assets/scenes/Example.bitPounce
[2026-03-17 18:59:06.999] [BIT POUNCE] [info] Reading file from disk: assets/scenes/Example.bitPounce
[2026-03-17 18:59:06.999] [BIT POUNCE] [info] Successfully read file from disk: assets/scenes/Example.bitPounce (1541 bytes)
[2026-03-17 18:59:06.999] [BIT POUNCE] [info] Loaded file successfully: assets/scenes/Example.bitPounce
[2026-03-17 18:59:11.816] [BIT POUNCE] [info] Loading file: assets/scenes/Test.bitPounce
[2026-03-17 18:59:11.816] [BIT POUNCE] [info] Reading file from disk: assets/scenes/Test.bitPounce
[2026-03-17 18:59:11.816] [BIT POUNCE] [info] Successfully read file from disk: assets/scenes/Test.bitPounce (1099 bytes)
[2026-03-17 18:59:11.816] [BIT POUNCE] [info] Loaded file successfully: assets/scenes/Test.bitPounce
[2026-03-17 18:59:15.332] [BIT POUNCE] [info] Loading file: assets/scenes/TestS.bitPounce
[2026-03-17 18:59:15.332] [BIT POUNCE] [info] Reading file from disk: assets/scenes/TestS.bitPounce
[2026-03-17 18:59:15.332] [BIT POUNCE] [info] Successfully read file from disk: assets/scenes/TestS.bitPounce (1332 bytes)
[2026-03-17 18:59:15.332] [BIT POUNCE] [info] Loaded file successfully: assets/scenes/TestS.bitPounce
[2026-03-17 19:01:01.551] [BIT POUNCE] [info] Loading file: assets/scenes/TestS.bitPounce
[2026-03-17 19:01:01.551] [BIT POUNCE] [info] Reading file from disk: assets/scenes/TestS.bitPounce
[2026-03-17 19:01:01.551] [BIT POUNCE] [info] Successfully read file from disk: assets/scenes/TestS.bitPounce (1332 bytes)
[2026-03-17 19:01:01.551] [BIT POUNCE] [info] Loaded file successfully: assets/scenes/TestS.bitPounce
[2026-03-17 19:01:03.285] [BIT POUNCE] [info] Loading file: assets/scenes/Test.bitPounce
[2026-03-17 19:01:03.285] [BIT POUNCE] [info] Reading file from disk: assets/scenes/Test.bitPounce
[2026-03-17 19:01:03.285] [BIT POUNCE] [info] Successfully read file from disk: assets/scenes/Test.bitPounce (1099 bytes)
[2026-03-17 19:01:03.285] [BIT POUNCE] [info] Loaded file successfully: assets/scenes/Test.bitPounce
[2026-03-17 19:01:08.051] [BIT POUNCE] [info] Loading file: assets/scenes/Example.bitPounce
[2026-03-17 19:01:08.051] [BIT POUNCE] [info] Reading file from disk: assets/scenes/Example.bitPounce
[2026-03-17 19:01:08.051] [BIT POUNCE] [info] Successfully read file from disk: assets/scenes/Example.bitPounce (1541 bytes)
[2026-03-17 19:01:08.051] [BIT POUNCE] [info] Loaded file successfully: assets/scenes/Example.bitPounce
